\BOOKMARK [1][-]{section.1}{\376\377\004\044\004\076\004\100\004\074\004\103\004\073\004\070\004\100\004\076\004\062\004\072\004\060\000\040\004\067\004\060\004\064\004\060\004\107\004\070}{}% 1
\BOOKMARK [1][-]{section.2}{\376\377\004\036\004\077\004\070\004\101\004\060\004\075\004\070\004\065\000\040\004\077\004\100\004\076\004\063\004\100\004\060\004\074\004\074\004\113\000\040\004\062\000\040\004\076\004\061\004\111\004\070\004\105\000\040\004\107\004\065\004\100\004\102\004\060\004\105}{}% 2
\BOOKMARK [2][-]{subsection.2.1}{\376\377\004\037\004\100\004\065\004\064\004\101\004\102\004\060\004\062\004\073\004\065\004\075\004\070\004\065\000\040\000\253\004\100\004\065\004\110\004\065\004\075\004\070\004\117\000\273\000\040\040\024\000\040\004\075\004\060\004\061\004\076\004\100\004\060\000\040\004\074\004\060\004\067\004\072\004\076\004\062}{section.2}% 3
\BOOKMARK [2][-]{subsection.2.2}{\376\377\004\027\004\060\004\064\004\060\004\075\004\070\004\065\000\040\004\104\004\103\004\075\004\072\004\106\004\070\004\070\000\040\004\076\004\110\004\070\004\061\004\072\004\070}{section.2}% 4
\BOOKMARK [2][-]{subsection.2.3}{\376\377\004\040\004\060\004\101\004\102\004\065\004\100\004\070\004\067\004\060\004\106\004\070\004\117\000\040\004\074\004\060\004\067\004\072\004\076\004\062}{section.2}% 5
\BOOKMARK [2][-]{subsection.2.4}{\376\377\004\043\004\107\004\121\004\102\000\040\004\106\004\062\004\065\004\102\004\060\000\040\004\077\004\100\004\070\000\040\004\076\004\077\004\102\004\070\004\074\004\070\004\067\004\060\004\106\004\070\004\070}{section.2}% 6
\BOOKMARK [3][-]{subsubsection.2.4.1}{\376\377\004\027\004\075\004\060\004\075\004\070\004\065\000\040\004\106\004\062\004\065\004\102\004\060\000\040\004\077\004\100\004\070\000\040\004\100\004\065\004\075\004\064\004\065\004\100\004\070\004\075\004\063\004\065\000\040\004\075\004\065\004\076\004\061\004\105\004\076\004\064\004\070\004\074\004\076}{subsection.2.4}% 7
\BOOKMARK [3][-]{subsubsection.2.4.2}{\376\377\004\036\004\077\004\100\004\065\004\064\004\065\004\073\004\065\004\075\004\070\004\065\000\040\004\106\004\062\004\065\004\102\004\060\000\040\004\077\004\076\000\040\004\077\004\076\004\073\004\076\004\066\004\065\004\075\004\070\004\116\000\040\004\077\004\100\004\070\000\040\004\077\004\076\004\064\004\101\004\107\004\121\004\102\004\065\000\040\004\044\004\036}{subsection.2.4}% 8
\BOOKMARK [3][-]{subsubsection.2.4.3}{\376\377\004\044\004\070\004\072\004\101\004\070\004\100\004\076\004\062\004\060\004\075\004\075\004\113\004\071\000\040\004\106\004\062\004\065\004\102\000\040\004\062\000\040\004\067\004\076\004\075\004\060\004\105}{subsection.2.4}% 9
\BOOKMARK [2][-]{subsection.2.5}{\376\377\004\040\004\060\004\067\004\064\004\065\004\073\004\065\004\075\004\070\004\065\000\040\004\072\004\060\004\100\004\102\004\070\004\075\004\113\000\040\004\075\004\060\000\040\004\067\004\076\004\075\004\113}{section.2}% 10
\BOOKMARK [2][-]{subsection.2.6}{\376\377\004\041\004\076\004\100\004\102\004\070\004\100\004\076\004\062\004\072\004\060\000\040\004\074\004\060\004\067\004\072\004\076\004\062\000\040\004\077\004\065\004\100\004\065\004\064\000\040\004\062\004\113\004\077\004\103\004\101\004\072\004\076\004\074}{section.2}% 11
\BOOKMARK [3][-]{subsubsection.2.6.1}{\376\377\004\041\004\076\004\100\004\102\004\070\004\100\004\076\004\062\004\072\004\060\000\040\004\077\004\076\000\040\004\102\004\065\004\100\004\100\004\070\004\102\004\076\004\100\004\070\004\060\004\073\004\114\004\075\004\076\004\074\004\103\000\040\004\077\004\100\004\070\004\067\004\075\004\060\004\072\004\103}{subsection.2.6}% 12
\BOOKMARK [3][-]{subsubsection.2.6.2}{\376\377\004\036\004\077\004\102\004\070\004\074\004\060\004\073\004\114\004\075\004\060\004\117\000\040\004\100\004\060\004\101\004\101\004\102\004\060\004\075\004\076\004\062\004\072\004\060\000\040\004\106\004\062\004\065\004\102\004\076\004\062}{subsection.2.6}% 13
\BOOKMARK [1][-]{section.3}{\376\377\004\042\004\065\004\105\004\075\004\070\004\107\004\065\004\101\004\072\004\070\004\065\000\040\004\060\004\101\004\077\004\065\004\072\004\102\004\113}{}% 14
\BOOKMARK [2][-]{subsection.3.1}{\376\377\004\036\004\101\004\075\004\076\004\062\004\075\004\076\004\065}{section.3}% 15
\BOOKMARK [2][-]{subsection.3.2}{\376\377\004\021\004\070\004\061\004\073\004\070\004\076\004\102\004\065\004\072\004\070}{section.3}% 16
\BOOKMARK [3][-]{subsubsection.3.2.1}{OpenCV}{subsection.3.2}% 17
\BOOKMARK [3][-]{subsubsection.3.2.2}{Pythonic}{subsection.3.2}% 18
\BOOKMARK [3][-]{subsubsection.3.2.3}{lunasvg}{subsection.3.2}% 19
\BOOKMARK [3][-]{subsubsection.3.2.4}{PowerfulGA}{subsection.3.2}% 20
\BOOKMARK [1][-]{section.4}{\376\377\004\020\004\073\004\063\004\076\004\100\004\070\004\102\004\074\004\113\000\040\004\076\004\077\004\102\004\070\004\074\004\070\004\067\004\060\004\106\004\070\004\070}{}% 21
\BOOKMARK [2][-]{subsection.4.1}{\376\377\004\036\004\061\004\111\004\070\004\071\000\040\004\077\004\100\004\070\004\075\004\106\004\070\004\077\000\040\004\023\004\020}{section.4}% 22
\BOOKMARK [2][-]{subsection.4.2}{\376\377\004\042\004\065\004\100\004\074\004\070\004\075\004\113}{section.4}% 23
\BOOKMARK [2][-]{subsection.4.3}{\376\377\004\037\004\100\004\070\004\074\004\065\004\100\004\075\004\060\004\117\000\040\004\077\004\076\004\101\004\073\004\065\004\064\004\076\004\062\004\060\004\102\004\065\004\073\004\114\004\075\004\076\004\101\004\102\004\114\000\040\004\064\004\065\004\071\004\101\004\102\004\062\004\070\004\071\000\040\004\023\004\020}{section.4}% 24
\BOOKMARK [2][-]{subsection.4.4}{\376\377\004\020\004\062\004\102\004\076\004\100\004\101\004\072\004\070\004\065\000\040\004\034\004\076\004\064\004\070\004\104\004\070\004\072\004\060\004\106\004\070\004\070\000\040\004\062\000\040\004\023\004\020}{section.4}% 25
\BOOKMARK [3][-]{subsubsection.4.4.1}{\376\377\000h\000a\000z\000i\000n\000g\000\137\000p\000e\000r\000c\000e\000n\000t\000:\000\040\004\101\004\072\004\076\004\100\004\076\004\101\004\102\004\114\000\040\004\101\004\105\004\076\004\064\004\070\004\074\004\076\004\101\004\102\004\070}{subsection.4.4}% 26
\BOOKMARK [1][-]{section.5}{\376\377\004\035\004\060\004\061\004\073\004\116\004\064\004\065\004\075\004\070\004\117}{}% 27
\BOOKMARK [2][-]{subsection.5.1}{\376\377\004\035\004\065\004\100\004\060\004\062\004\065\004\075\004\101\004\102\004\062\004\076\000\040\004\067\004\076\004\075}{section.5}% 28
\BOOKMARK [1][-]{section.6}{\376\377\004\024\004\060\004\073\004\114\004\075\004\065\004\071\004\110\004\065\004\065\000\040\004\100\004\060\004\067\004\062\004\070\004\102\004\070\004\065}{}% 29
\BOOKMARK [2][-]{subsection.6.1}{\376\377\004\022\004\075\004\065\004\064\004\100\004\070\004\102\004\114\000\040\004\061\004\113\004\101\004\102\004\100\004\113\004\071\000\040\004\077\004\065\004\100\004\065\004\101\004\107\004\121\004\102\000\040\004\104\004\103\004\075\004\072\004\106\004\070\004\070\000\040\004\076\004\110\004\070\004\061\004\072\004\070}{section.6}% 30
\BOOKMARK [2][-]{subsection.6.2}{\376\377\004\040\004\060\004\067\004\064\004\065\004\073\004\065\004\075\004\070\004\065\000\040\004\074\004\060\004\067\004\072\004\076\004\062\000\040\004\077\004\076\000\040\004\101\004\073\004\076\004\117\004\074}{section.6}% 31
\BOOKMARK [2][-]{subsection.6.3}{\376\377\004\024\004\076\004\061\004\060\004\062\004\070\004\102\004\114\000\040\004\062\004\076\004\067\004\074\004\076\004\066\004\075\004\076\004\101\004\102\004\114\000\040\004\070\004\101\004\077\004\076\004\073\004\114\004\067\004\076\004\062\004\060\004\075\004\070\004\117\000\040\004\073\004\076\004\072\004\060\004\073\004\114\004\075\004\113\004\105\000\040\004\074\004\065\004\102\004\076\004\064\004\076\004\062\000\040\004\076\004\077\004\102\004\070\004\074\004\070\004\067\004\060\004\106\004\070\004\070}{section.6}% 32
\BOOKMARK [2][-]{subsection.6.4}{\376\377\004\036\004\100\004\063\004\060\004\075\004\070\004\067\004\076\004\062\004\060\004\102\004\114\000\040\004\101\004\070\004\101\004\102\004\065\004\074\004\103\000\040\004\102\004\065\004\101\004\102\004\070\004\100\004\076\004\062\004\060\004\075\004\070\004\117\000\040\004\100\004\060\004\067\004\073\004\070\004\107\004\075\004\113\004\105\000\040\004\060\004\073\004\063\004\076\004\100\004\070\004\102\004\074\004\076\004\062\000\040\004\075\004\060\000\040\004\100\004\060\004\067\004\073\004\070\004\107\004\075\004\113\004\105\000\040\004\104\004\103\004\075\004\072\004\106\004\070\004\117\004\105}{section.6}% 33
\BOOKMARK [2][-]{subsection.6.5}{\376\377\004\032\004\076\004\075\004\102\004\100\004\076\004\073\004\114\000\040\004\103\004\100\004\076\004\062\004\075\004\117\000\040\004\100\004\060\004\067\004\075\004\076\004\076\004\061\004\100\004\060\004\067\004\070\004\117\000\040\004\076\004\101\004\076\004\061\004\065\004\071\000\040\004\062\000\040\004\023\004\020}{section.6}% 34
\BOOKMARK [2][-]{subsection.6.6}{\376\377\004\043\004\073\004\103\004\107\004\110\004\070\004\102\004\114\000\040\004\060\004\073\004\063\004\076\004\100\004\070\004\102\004\074\000\040\004\077\004\076\004\070\004\101\004\072\004\060\000\040\004\106\004\062\004\065\004\102\004\076\004\062\000\040\004\070\000\040\004\100\004\060\004\067\004\064\004\065\004\073\004\065\004\075\004\070\004\117\000\040\004\075\004\060\000\040\004\067\004\076\004\075\004\113}{section.6}% 35
\BOOKMARK [2][-]{subsection.6.7}{\376\377\004\037\004\065\004\100\004\065\004\075\004\065\004\101\004\102\004\070\000\040\004\063\004\100\004\060\004\104\004\070\004\107\004\065\004\101\004\072\004\070\004\065\000\040\004\062\004\113\004\107\004\070\004\101\004\073\004\065\004\075\004\070\004\117\000\040\004\075\004\060\000\040\004\062\004\070\004\064\004\065\004\076\004\072\004\060\004\100\004\102\004\103}{section.6}% 36
