\BOOKMARK [1][-]{section.1}{\376\377\004\044\004\076\004\100\004\074\004\103\004\073\004\070\004\100\004\076\004\062\004\072\004\060\000\040\004\067\004\060\004\064\004\060\004\107\004\070}{}% 1
\BOOKMARK [1][-]{section.2}{\376\377\004\036\004\061\004\067\004\076\004\100}{}% 2
\BOOKMARK [1][-]{section.3}{\376\377\004\042\004\065\004\105\004\075\004\070\004\107\004\065\004\101\004\072\004\070\004\065\000\040\004\077\004\076\004\064\004\100\004\076\004\061\004\075\004\076\004\101\004\102\004\070}{}% 3
\BOOKMARK [1][-]{section.4}{\376\377\004\036\004\077\004\070\004\101\004\060\004\075\004\070\004\065\000\040\004\060\004\073\004\063\004\076\004\100\004\070\004\102\004\074\004\060\000\040\004\062\000\040\004\076\004\061\004\111\004\070\004\105\000\040\004\107\004\065\004\100\004\102\004\060\004\105}{}% 4
\BOOKMARK [2][-]{subsection.4.1}{\376\377\004\040\004\060\004\067\004\061\004\076\004\100\000\040\004\062\004\113\004\100\004\060\004\066\004\065\004\075\004\070\004\071}{section.4}% 5
\BOOKMARK [3][-]{subsubsection.4.1.1}{\376\377\004\022\004\113\004\107\004\070\004\101\004\073\004\065\004\075\004\070\004\065\000\040\004\077\004\100\004\076\004\070\004\067\004\062\004\076\004\064\004\075\004\076\004\071}{subsection.4.1}% 6
\BOOKMARK [3][-]{subsubsection.4.1.2}{\376\377\004\036\004\077\004\102\004\070\004\074\004\070\004\067\004\060\004\106\004\070\004\117\000\040\004\062\004\113\004\107\004\070\004\101\004\073\004\065\004\075\004\070\004\071}{subsection.4.1}% 7
\BOOKMARK [2][-]{subsection.4.2}{\376\377\004\024\004\065\004\100\004\065\004\062\004\076\000\040\004\060\004\073\004\063\004\076\004\100\004\070\004\102\004\074\004\076\004\062\000\040\004\076\004\077\004\102\004\070\004\074\004\070\004\067\004\060\004\106\004\070\004\070}{section.4}% 8
\BOOKMARK [3][-]{subsubsection.4.2.1}{\376\377\004\030\004\064\004\065\004\117}{subsection.4.2}% 9
\BOOKMARK [3][-]{subsubsection.4.2.2}{\376\377\004\041\004\105\004\065\004\074\004\060\000\040\004\064\004\065\004\100\004\065\004\062\004\060}{subsection.4.2}% 10
\BOOKMARK [3][-]{subsubsection.4.2.3}{\376\377\004\040\004\060\004\101\004\077\004\100\004\065\004\064\004\065\004\073\004\065\004\075\004\070\004\065\000\040\004\062\004\113\004\107\004\070\004\101\004\073\004\070\004\102\004\065\004\073\004\114\004\075\004\076\004\063\004\076\000\040\004\100\004\065\004\101\004\103\004\100\004\101\004\060}{subsection.4.2}% 11
\BOOKMARK [2][-]{subsection.4.3}{\376\377\004\040\004\065\004\110\004\065\004\075\004\070\004\065\000\040\004\103\004\100\004\060\004\062\004\075\004\065\004\075\004\070\004\071\000\040\004\070\000\040\004\077\004\076\004\101\004\102\004\100\004\076\004\065\004\075\004\070\004\065\000\040\004\063\004\100\004\060\004\104\004\070\004\072\004\076\004\062}{section.4}% 12
\BOOKMARK [1][-]{section.5}{\376\377\004\034\004\076\004\064\004\070\004\104\004\070\004\072\004\060\004\106\004\070\004\070\000\040\004\062\000\040\004\023\004\020}{}% 13
\BOOKMARK [1][-]{section.6}{\376\377\004\042\004\065\004\101\004\102\004\070\004\100\004\076\004\062\004\060\004\075\004\070\004\065}{}% 14
\BOOKMARK [1][-]{section.7}{\376\377\004\024\004\060\004\073\004\114\004\075\004\065\004\071\004\110\004\065\004\065\000\040\004\100\004\060\004\067\004\062\004\070\004\102\004\070\004\065}{}% 15
\BOOKMARK [2][-]{subsection.7.1}{\376\377\004\024\004\076\004\077\004\076\004\073\004\075\004\070\004\102\004\065\004\073\004\114\004\075\004\113\004\065\000\040\004\060\004\073\004\063\004\076\004\100\004\070\004\102\004\074\004\113\000\040\004\076\004\077\004\102\004\070\004\074\004\070\004\067\004\060\004\106\004\070\004\070}{section.7}% 16
\BOOKMARK [2][-]{subsection.7.2}{\376\377\004\022\004\075\004\065\004\064\004\100\004\065\004\075\004\070\004\065\000\040\004\060\004\075\004\060\004\073\004\070\004\102\004\070\004\107\004\065\004\101\004\072\004\070\004\105\000\040\004\074\004\065\004\102\004\076\004\064\004\076\004\062}{section.7}% 17
\BOOKMARK [2][-]{subsection.7.3}{\376\377\004\040\004\065\004\110\004\065\004\075\004\070\004\065\000\040\004\101\004\070\004\101\004\102\004\065\004\074\000\040\004\103\004\100\004\060\004\062\004\075\004\065\004\075\004\070\004\071}{section.7}% 18
\BOOKMARK [2][-]{subsection.7.4}{\376\377\004\040\004\065\004\075\004\064\004\065\004\100\004\070\004\075\004\063\000\040\004\104\004\076\004\100\004\074\004\103\004\073\000\040\004\062\000\040\000L\000a\000T\000e\000X}{section.7}% 19
\BOOKMARK [2][-]{subsection.7.5}{\376\377\004\037\004\076\004\101\004\102\004\100\004\076\004\065\004\075\004\070\004\065\000\040\004\074\004\075\004\076\004\063\004\076\004\074\004\065\004\100\004\075\004\113\004\105\000\040\004\063\004\100\004\060\004\104\004\070\004\072\004\076\004\062}{section.7}% 20
\BOOKMARK [2][-]{subsection.7.6}{\376\377\004\035\004\060\004\105\004\076\004\066\004\064\004\065\004\075\004\070\004\065\000\040\004\077\004\060\004\100\004\060\004\074\004\065\004\102\004\100\004\076\004\062\000\040\004\104\004\103\004\075\004\072\004\106\004\070\004\070\000\040\004\067\004\060\004\064\004\060\004\075\004\075\004\076\004\063\004\076\000\040\004\062\004\070\004\064\004\060\000\040\004\077\004\076\000\040\004\102\004\076\004\107\004\072\004\060\004\074}{section.7}% 21
\BOOKMARK [2][-]{subsection.7.7}{\376\377\004\035\004\065\004\063\004\073\004\060\004\064\004\072\004\060\004\117\000\040\004\076\004\077\004\102\004\070\004\074\004\070\004\067\004\060\004\106\004\070\004\117}{section.7}% 22
